  コード生成しています。
    link!InvokeCompilerPass()+0x3081d
    link!InvokeCompilerPass()+0x32f53
    link!InvokeCompilerPass()+0x24415
    link!InvokeCompilerPass()+0x2432f
    link!InvokeCompilerPass()+0x2f895
  
LINK : fatal error C1001: コンパイラで内部エラーが発生しました。
  (コンパイラ ファイル 'd:\agent\_work\4\s\src\vctools\Compiler\Utc\src\p2\main.c'、行 160)
   この問題を回避するには、上記の場所付近のプログラムを単純化するか変更してください。
  詳細については、Visual C++ ヘルプ メニューのサポート情報コマンドを
  選択してください。またはサポート情報 ヘルプ ファイルを参照してください。
LINK : fatal error C1001: コンパイラで内部エラーが発生しました。
  (コンパイラ ファイル 'd:\agent\_work\4\s\src\vctools\Compiler\Utc\src\p2\main.c'、行 160)
   この問題を回避するには、上記の場所付近のプログラムを単純化するか変更してください。
  詳細については、Visual C++ ヘルプ メニューのサポート情報コマンドを
  選択してください。またはサポート情報 ヘルプ ファイルを参照してください。
    link!InvokeCompilerPass()+0x3081d
    link!InvokeCompilerPass()+0x32f53
    link!InvokeCompilerPass()+0x24415
    link!InvokeCompilerPass()+0x2432f
    link!InvokeCompilerPass()+0x2f895
  
  
LINK : fatal error LNK1000: Internal error during IMAGE::BuildImage
  
    Version 14.21.27702.2
  
    ExceptionCode            = C0000005
    ExceptionFlags           = 00000000
    ExceptionAddress         = 02972202 (024E0000) "C:\Program Files (x86)\Microsoft Visual Studio\2019\Community\VC\Tools\MSVC\14.21.27702\bin\HostX86\x86\c2.dll"
    NumberParameters         = 00000002
    ExceptionInformation[ 0] = 00000000
    ExceptionInformation[ 1] = 2DCA9436
  
  CONTEXT:
    Eax    = 00000000  Esp    = 00AFE69C
    Ebx    = 2DCA9436  Ebp    = 00AFE6AC
    Ecx    = 00001505  Esi    = 00000000
    Edx    = 00000000  Edi    = 00000000
    Eip    = 02972202  EFlags = 00010246
    SegCs  = 00000023  SegDs  = 0000002B
    SegSs  = 0000002B  SegEs  = 0000002B
    SegFs  = 00000053  SegGs  = 0000002B
    Dr0    = 00000000  Dr3    = 00000000
    Dr1    = 00000000  Dr6    = 00000000
    Dr2    = 00000000  Dr7    = 00000000
